# JRE version: Java(TM) SE Runtime Environment (17.0.2+8) (build 17.0.2+8-LTS-86)
# Java VM: Java HotSpot(TM) 64-Bit Server VM (17.0.2+8-LTS-86, mixed mode, sharing, tiered, compressed oops, compressed class ptrs, g1 gc, bsd-aarch64)
Heap:
 garbage-first heap   total 315392K, used 92510K [0x0000000600000000, 0x0000000800000000)
  region size 4096K, 14 young (57344K), 1 survivors (4096K)
 Metaspace       used 34863K, committed 35200K, reserved 1081344K
  class space    used 4689K, committed 4864K, reserved 1048576K
GC Heap History (20 events):
Event: 0.682 GC heap before
{Heap before GC invocations=1 (full 0):
 garbage-first heap   total 532480K, used 45240K [0x0000000600000000, 0x0000000800000000)
  region size 4096K, 11 young (45056K), 1 survivors (4096K)
 Metaspace       used 16974K, committed 17216K, reserved 1064960K
  class space    used 2183K, committed 2304K, reserved 1048576K
}
Event: 0.685 GC heap after
{Heap after GC invocations=2 (full 0):
 garbage-first heap   total 532480K, used 13150K [0x0000000600000000, 0x0000000800000000)
  region size 4096K, 2 young (8192K), 2 survivors (8192K)
 Metaspace       used 16974K, committed 17216K, reserved 1064960K
  class space    used 2183K, committed 2304K, reserved 1048576K
}
Event: 0.909 GC heap before
{Heap before GC invocations=2 (full 0):
 garbage-first heap   total 532480K, used 29534K [0x0000000600000000, 0x0000000800000000)
  region size 4096K, 7 young (28672K), 2 survivors (8192K)
 Metaspace       used 21341K, committed 21504K, reserved 1073152K
  class space    used 3041K, committed 3136K, reserved 1048576K
}
Event: 0.911 GC heap after
{Heap after GC invocations=3 (full 0):
 garbage-first heap   total 532480K, used 14877K [0x0000000600000000, 0x0000000800000000)
  region size 4096K, 3 young (12288K), 3 survivors (12288K)
 Metaspace       used 21341K, committed 21504K, reserved 1073152K
  class space    used 3041K, committed 3136K, reserved 1048576K
}
Event: 25.631 GC heap before
{Heap before GC invocations=4 (full 0):
 garbage-first heap   total 98304K, used 64029K [0x0000000600000000, 0x0000000800000000)
  region size 4096K, 14 young (57344K), 3 survivors (12288K)
 Metaspace       used 28862K, committed 29120K, reserved 1081344K
  class space    used 4034K, committed 4160K, reserved 1048576K
}
Event: 25.636 GC heap after
{Heap after GC invocations=5 (full 0):
 garbage-first heap   total 98304K, used 25043K [0x0000000600000000, 0x0000000800000000)
  region size 4096K, 2 young (8192K), 2 survivors (8192K)
 Metaspace       used 28862K, committed 29120K, reserved 1081344K
  class space    used 4034K, committed 4160K, reserved 1048576K
}
Event: 25.642 GC heap before
{Heap before GC invocations=5 (full 0):
 garbage-first heap   total 98304K, used 25043K [0x0000000600000000, 0x0000000800000000)
  region size 4096K, 3 young (12288K), 2 survivors (8192K)
 Metaspace       used 28868K, committed 29120K, reserved 1081344K
  class space    used 4034K, committed 4160K, reserved 1048576K
}
Event: 25.644 GC heap after
{Heap after GC invocations=6 (full 0):
 garbage-first heap   total 98304K, used 25136K [0x0000000600000000, 0x0000000800000000)
  region size 4096K, 1 young (4096K), 1 survivors (4096K)
 Metaspace       used 28868K, committed 29120K, reserved 1081344K
  class space    used 4034K, committed 4160K, reserved 1048576K
}
Event: 25.698 GC heap before
{Heap before GC invocations=6 (full 0):
 garbage-first heap   total 98304K, used 57904K [0x0000000600000000, 0x0000000800000000)
  region size 4096K, 10 young (40960K), 1 survivors (4096K)
 Metaspace       used 29494K, committed 29760K, reserved 1081344K
  class space    used 4106K, committed 4224K, reserved 1048576K
}
Event: 25.699 GC heap after
{Heap after GC invocations=7 (full 0):
 garbage-first heap   total 98304K, used 29305K [0x0000000600000000, 0x0000000800000000)
  region size 4096K, 2 young (8192K), 2 survivors (8192K)
 Metaspace       used 29494K, committed 29760K, reserved 1081344K
  class space    used 4106K, committed 4224K, reserved 1048576K
}
Event: 25.863 GC heap before
{Heap before GC invocations=7 (full 0):
 garbage-first heap   total 98304K, used 62073K [0x0000000600000000, 0x0000000800000000)
  region size 4096K, 10 young (40960K), 2 survivors (8192K)
 Metaspace       used 30052K, committed 30400K, reserved 1081344K
  class space    used 4173K, committed 4352K, reserved 1048576K
}
Event: 25.864 GC heap after
{Heap after GC invocations=8 (full 0):
 garbage-first heap   total 98304K, used 39005K [0x0000000600000000, 0x0000000800000000)
  region size 4096K, 2 young (8192K), 2 survivors (8192K)
 Metaspace       used 30052K, committed 30400K, reserved 1081344K
  class space    used 4173K, committed 4352K, reserved 1048576K
}
Event: 26.176 GC heap before
{Heap before GC invocations=8 (full 0):
 garbage-first heap   total 98304K, used 59485K [0x0000000600000000, 0x0000000800000000)
  region size 4096K, 8 young (32768K), 2 survivors (8192K)
 Metaspace       used 30534K, committed 30848K, reserved 1081344K
  class space    used 4240K, committed 4416K, reserved 1048576K
}
Event: 26.177 GC heap after
{Heap after GC invocations=9 (full 0):
 garbage-first heap   total 98304K, used 41660K [0x0000000600000000, 0x0000000800000000)
  region size 4096K, 1 young (4096K), 1 survivors (4096K)
 Metaspace       used 30534K, committed 30848K, reserved 1081344K
  class space    used 4240K, committed 4416K, reserved 1048576K
}
Event: 26.194 GC heap before
{Heap before GC invocations=9 (full 0):
 garbage-first heap   total 98304K, used 62140K [0x0000000600000000, 0x0000000800000000)
  region size 4096K, 7 young (28672K), 1 survivors (4096K)
 Metaspace       used 30534K, committed 30848K, reserved 1081344K
  class space    used 4240K, committed 4416K, reserved 1048576K
}
Event: 26.194 GC heap after
{Heap after GC invocations=10 (full 0):
 garbage-first heap   total 98304K, used 44604K [0x0000000600000000, 0x0000000800000000)
  region size 4096K, 1 young (4096K), 1 survivors (4096K)
 Metaspace       used 30534K, committed 30848K, reserved 1081344K
  class space    used 4240K, committed 4416K, reserved 1048576K
}
Event: 26.497 GC heap before
{Heap before GC invocations=11 (full 0):
 garbage-first heap   total 102400K, used 56892K [0x0000000600000000, 0x0000000800000000)
  region size 4096K, 6 young (24576K), 1 survivors (4096K)
 Metaspace       used 30636K, committed 30976K, reserved 1081344K
  class space    used 4240K, committed 4416K, reserved 1048576K
}
Event: 26.498 GC heap after
{Heap after GC invocations=12 (full 0):
 garbage-first heap   total 315392K, used 43561K [0x0000000600000000, 0x0000000800000000)
  region size 4096K, 1 young (4096K), 1 survivors (4096K)
 Metaspace       used 30636K, committed 30976K, reserved 1081344K
  class space    used 4240K, committed 4416K, reserved 1048576K
}
Event: 26.503 GC heap before
{Heap before GC invocations=12 (full 0):
 garbage-first heap   total 315392K, used 47657K [0x0000000600000000, 0x0000000800000000)
  region size 4096K, 3 young (12288K), 1 survivors (4096K)
 Metaspace       used 30637K, committed 30976K, reserved 1081344K
  class space    used 4240K, committed 4416K, reserved 1048576K
}
Event: 26.504 GC heap after
{Heap after GC invocations=13 (full 0):
 garbage-first heap   total 315392K, used 41839K [0x0000000600000000, 0x0000000800000000)
  region size 4096K, 1 young (4096K), 1 survivors (4096K)
 Metaspace       used 30637K, committed 30976K, reserved 1081344K
  class space    used 4240K, committed 4416K, reserved 1048576K
}

