# JRE version: Java(TM) SE Runtime Environment (17.0.2+8) (build 17.0.2+8-LTS-86)
# Java VM: Java HotSpot(TM) 64-Bit Server VM (17.0.2+8-LTS-86, mixed mode, sharing, tiered, compressed oops, compressed class ptrs, g1 gc, bsd-aarch64)
Heap:
 garbage-first heap   total 311296K, used 101255K [0x0000000600000000, 0x0000000800000000)
  region size 4096K, 19 young (77824K), 2 survivors (8192K)
 Metaspace       used 34475K, committed 34752K, reserved 1081344K
  class space    used 4602K, committed 4736K, reserved 1048576K
GC Heap History (12 events):
Event: 0.348 GC heap before
{Heap before GC invocations=0 (full 0):
 garbage-first heap   total 532480K, used 28640K [0x0000000600000000, 0x0000000800000000)
  region size 4096K, 6 young (24576K), 0 survivors (0K)
 Metaspace       used 5307K, committed 5568K, reserved 1056768K
  class space    used 642K, committed 768K, reserved 1048576K
}
Event: 0.353 GC heap after
{Heap after GC invocations=1 (full 0):
 garbage-first heap   total 532480K, used 8224K [0x0000000600000000, 0x0000000800000000)
  region size 4096K, 1 young (4096K), 1 survivors (4096K)
 Metaspace       used 5307K, committed 5568K, reserved 1056768K
  class space    used 642K, committed 768K, reserved 1048576K
}
Event: 0.849 GC heap before
{Heap before GC invocations=1 (full 0):
 garbage-first heap   total 532480K, used 49184K [0x0000000600000000, 0x0000000800000000)
  region size 4096K, 12 young (49152K), 1 survivors (4096K)
 Metaspace       used 17785K, committed 17984K, reserved 1064960K
  class space    used 2379K, committed 2496K, reserved 1048576K
}
Event: 0.861 GC heap after
{Heap after GC invocations=2 (full 0):
 garbage-first heap   total 532480K, used 13309K [0x0000000600000000, 0x0000000800000000)
  region size 4096K, 2 young (8192K), 2 survivors (8192K)
 Metaspace       used 17785K, committed 17984K, reserved 1064960K
  class space    used 2379K, committed 2496K, reserved 1048576K
}
Event: 0.995 GC heap before
{Heap before GC invocations=2 (full 0):
 garbage-first heap   total 532480K, used 29693K [0x0000000600000000, 0x0000000800000000)
  region size 4096K, 7 young (28672K), 2 survivors (8192K)
 Metaspace       used 21315K, committed 21504K, reserved 1073152K
  class space    used 3081K, committed 3200K, reserved 1048576K
}
Event: 0.999 GC heap after
{Heap after GC invocations=3 (full 0):
 garbage-first heap   total 532480K, used 14861K [0x0000000600000000, 0x0000000800000000)
  region size 4096K, 3 young (12288K), 3 survivors (12288K)
 Metaspace       used 21315K, committed 21504K, reserved 1073152K
  class space    used 3081K, committed 3200K, reserved 1048576K
}
Event: 3.353 GC heap before
{Heap before GC invocations=4 (full 0):
 garbage-first heap   total 98304K, used 64013K [0x0000000600000000, 0x0000000800000000)
  region size 4096K, 14 young (57344K), 3 survivors (12288K)
 Metaspace       used 28351K, committed 28608K, reserved 1081344K
  class space    used 3958K, committed 4096K, reserved 1048576K
}
Event: 3.358 GC heap after
{Heap after GC invocations=5 (full 0):
 garbage-first heap   total 98304K, used 25524K [0x0000000600000000, 0x0000000800000000)
  region size 4096K, 2 young (8192K), 2 survivors (8192K)
 Metaspace       used 28351K, committed 28608K, reserved 1081344K
  class space    used 3958K, committed 4096K, reserved 1048576K
}
Event: 3.361 GC heap before
{Heap before GC invocations=5 (full 0):
 garbage-first heap   total 98304K, used 29620K [0x0000000600000000, 0x0000000800000000)
  region size 4096K, 3 young (12288K), 2 survivors (8192K)
 Metaspace       used 28353K, committed 28608K, reserved 1081344K
  class space    used 3958K, committed 4096K, reserved 1048576K
}
Event: 3.363 GC heap after
{Heap after GC invocations=6 (full 0):
 garbage-first heap   total 98304K, used 25731K [0x0000000600000000, 0x0000000800000000)
  region size 4096K, 1 young (4096K), 1 survivors (4096K)
 Metaspace       used 28353K, committed 28608K, reserved 1081344K
  class space    used 3958K, committed 4096K, reserved 1048576K
}
Event: 13.027 GC heap before
{Heap before GC invocations=6 (full 0):
 garbage-first heap   total 98304K, used 58499K [0x0000000600000000, 0x0000000800000000)
  region size 4096K, 9 young (36864K), 1 survivors (4096K)
 Metaspace       used 30076K, committed 30400K, reserved 1081344K
  class space    used 4119K, committed 4288K, reserved 1048576K
}
Event: 13.032 GC heap after
{Heap after GC invocations=7 (full 0):
 garbage-first heap   total 311296K, used 34120K [0x0000000600000000, 0x0000000800000000)
  region size 4096K, 2 young (8192K), 2 survivors (8192K)
 Metaspace       used 30076K, committed 30400K, reserved 1081344K
  class space    used 4119K, committed 4288K, reserved 1048576K
}

